Prayan Railway Route Server
============================================================
Starting data load...
Loading stations.json...
Loaded 8737 stations
Loading trains.json...
Loaded 5208 trains
Loading schedules.json...
Loaded schedules for 5208 trains
Loading graph...
Loading graph...
Graph loaded: 417,080 nodes, 4,093,619 edges
Loading train names...
Loaded 5207 train names
Skipping centrality computation (use_centrality=False)
Route finder initialized

Connecting to MongoDB...
You successfully connected to MongoDB!

Server starting on http://localhost:5000
Endpoints:
  POST /route                   - Find multi-train route
  GET  /health                  - Health check
  GET  /info                    - Graph info
  GET  /stations                - Search stations
  GET  /stations/all            - All stations (for frontend cache)
  GET  /stations/<code>/board   - Station board
  GET  /trains/search           - Search trains
  GET  /trains/<number>         - Train info + schedule
  GET  /trains/<number>/live    - Live train tracking
  GET  /trains/<number>/history - Train history
  GET  /fare                    - Fare lookup
  GET  /pnr/<pnr>               - PNR status check
  GET  /availability            - Seat availability
============================================================
 * Serving Flask app 'app'
 * Debug mode: off
[31m[1mWARNING: This is a development server. Do not use it in a production deployment. Use a production WSGI server instead.[0m
 * Running on http://127.0.0.1:5000
[33mPress CTRL+C to quit[0m
127.0.0.1 - - [11/Jul/2026 01:05:59] "POST /route HTTP/1.1" 200 -
127.0.0.1 - - [11/Jul/2026 01:06:41] "OPTIONS /route HTTP/1.1" 200 -
127.0.0.1 - - [11/Jul/2026 01:06:43] "POST /route HTTP/1.1" 200 -
